app/build/outputs/logs/manifest-merger-debug-report.txt
-- Merging decision tree log ---
manifest
ADDED from src\main\AndroidManifest.xml:1:1-83:12
	package
		ADDED from src\main\AndroidManifest.xml:2:5-40
		INJECTED from src\main\AndroidManifest.xml
		INJECTED from src\main\AndroidManifest.xml
	android:versionName
		ADDED from src\main\AndroidManifest.xml:5:5-30
		INJECTED from src\main\AndroidManifest.xml
		INJECTED from src\main\AndroidManifest.xml
	android:versionCode
		ADDED from src\main\AndroidManifest.xml:4:5-28
		INJECTED from src\main\AndroidManifest.xml
		INJECTED from src\main\AndroidManifest.xml
	xmlns:android
		ADDED from src\main\AndroidManifest.xml:1:11-69
uses-permission#android.permission.INTERNET
ADDED from src\main\AndroidManifest.xml:7:5-67
	android:name
		ADDED from src\main\AndroidManifest.xml:7:22-64
uses-permission#android.permission.ACCESS_NETWORK_STATE
ADDED from src\main\AndroidManifest.xml:8:5-78
	android:name
		ADDED from src\main\AndroidManifest.xml:8:22-76
uses-permission#android.permission.GET_ACCOUNTS
ADDED from src\main\AndroidManifest.xml:10:5-71
	android:name
		ADDED from src\main\AndroidManifest.xml:10:22-68
uses-permission#android.permission.WAKE_LOCK
ADDED from src\main\AndroidManifest.xml:11:5-68
	android:name
		ADDED from src\main\AndroidManifest.xml:11:22-65
permission#com.javatechig.widgetdemo.permission.C2D_MESSAGE
ADDED from src\main\AndroidManifest.xml:12:5-119
	android:protectionLevel
		ADDED from src\main\AndroidManifest.xml:12:81-116
	android:name
		ADDED from src\main\AndroidManifest.xml:12:17-80
uses-permission#com.javatechig.widgetdemo.permission.C2D_MESSAGE
ADDED from src\main\AndroidManifest.xml:13:5-88
	android:name
		ADDED from src\main\AndroidManifest.xml:13:22-85
uses-permission#com.google.android.c2dm.permission.RECEIVE
ADDED from src\main\AndroidManifest.xml:15:5-82
	android:name
		ADDED from src\main\AndroidManifest.xml:15:22-79
uses-sdk
ADDED from src\main\AndroidManifest.xml:17:5-19:40
MERGED from [com.pushbots:pushbots-lib:2.0.13] AndroidManifest.xml:7:5-9:41
MERGED from [com.android.support:support-v4:21.0.0] AndroidManifest.xml:15:5-42
	android:targetSdkVersion
		ADDED from src\main\AndroidManifest.xml:19:9-37
		INJECTED from src\main\AndroidManifest.xml
		INJECTED from src\main\AndroidManifest.xml
	android:minSdkVersion
		ADDED from src\main\AndroidManifest.xml:18:9-34
		INJECTED from src\main\AndroidManifest.xml
		INJECTED from src\main\AndroidManifest.xml
application
ADDED from src\main\AndroidManifest.xml:24:5-81:19
MERGED from [com.pushbots:pushbots-lib:2.0.13] AndroidManifest.xml:11:5-20
MERGED from [com.android.support:support-v4:21.0.0] AndroidManifest.xml:16:5-19
	android:label
		ADDED from src\main\AndroidManifest.xml:27:9-41
	android:allowBackup
		ADDED from src\main\AndroidManifest.xml:25:9-35
	android:icon
		ADDED from src\main\AndroidManifest.xml:26:9-45
	android:theme
		ADDED from src\main\AndroidManifest.xml:28:9-40
activity#com.javatechig.widgetdemo.MainActivity
ADDED from src\main\AndroidManifest.xml:30:9-43:20
	android:screenOrientation
		ADDED from src\main\AndroidManifest.xml:33:13-49
	android:label
		ADDED from src\main\AndroidManifest.xml:32:13-56
	android:name
		ADDED from src\main\AndroidManifest.xml:31:13-41
intent-filter#android.intent.category.DEFAULT+com.javatechig.widgetdemo.MESSAGE
ADDED from src\main\AndroidManifest.xml:34:13-37:29
action#com.javatechig.widgetdemo.MESSAGE
ADDED from src\main\AndroidManifest.xml:35:17-76
	android:name
		ADDED from src\main\AndroidManifest.xml:35:25-73
category#android.intent.category.DEFAULT
ADDED from src\main\AndroidManifest.xml:36:17-76
	android:name
		ADDED from src\main\AndroidManifest.xml:36:27-73
intent-filter#android.intent.action.MAIN+android.intent.category.LAUNCHER
ADDED from src\main\AndroidManifest.xml:38:13-42:29
action#android.intent.action.MAIN
ADDED from src\main\AndroidManifest.xml:39:17-69
	android:name
		ADDED from src\main\AndroidManifest.xml:39:25-66
category#android.intent.category.LAUNCHER
ADDED from src\main\AndroidManifest.xml:41:17-77
	android:name
		ADDED from src\main\AndroidManifest.xml:41:27-74
receiver#com.pushbots.google.gcm.GCMBroadcastReceiver
ADDED from src\main\AndroidManifest.xml:45:9-55:20
	android:permission
		ADDED from src\main\AndroidManifest.xml:47:13-73
	android:name
		ADDED from src\main\AndroidManifest.xml:46:13-72
intent-filter#com.google.android.c2dm.intent.RECEIVE+com.google.android.c2dm.intent.REGISTRATION+com.javatechig.widgetdemo
ADDED from src\main\AndroidManifest.xml:48:13-54:29
action#com.google.android.c2dm.intent.RECEIVE
ADDED from src\main\AndroidManifest.xml:50:17-81
	android:name
		ADDED from src\main\AndroidManifest.xml:50:25-78
action#com.google.android.c2dm.intent.REGISTRATION
ADDED from src\main\AndroidManifest.xml:52:17-86
	android:name
		ADDED from src\main\AndroidManifest.xml:52:25-83
category#com.javatechig.widgetdemo
ADDED from src\main\AndroidManifest.xml:53:17-70
	android:name
		ADDED from src\main\AndroidManifest.xml:53:27-67
receiver#com.pushbots.push.DefaultPushHandler
ADDED from src\main\AndroidManifest.xml:56:9-73
	android:name
		ADDED from src\main\AndroidManifest.xml:56:19-70
service#com.pushbots.push.GCMIntentService
ADDED from src\main\AndroidManifest.xml:57:9-70
	android:name
		ADDED from src\main\AndroidManifest.xml:57:18-67
receiver#com.javatechig.widgetdemo.MyWidgetProvider
ADDED from src\main\AndroidManifest.xml:59:9-67:20
	android:name
		ADDED from src\main\AndroidManifest.xml:59:19-51
intent-filter#android.appwidget.action.APPWIDGET_UPDATE
ADDED from src\main\AndroidManifest.xml:60:13-62:29
action#android.appwidget.action.APPWIDGET_UPDATE
ADDED from src\main\AndroidManifest.xml:61:17-84
	android:name
		ADDED from src\main\AndroidManifest.xml:61:25-81
meta-data#android.appwidget.provider
ADDED from src\main\AndroidManifest.xml:64:13-66:64
	android:resource
		ADDED from src\main\AndroidManifest.xml:66:17-61
	android:name
		ADDED from src\main\AndroidManifest.xml:65:17-58
receiver#com.javatechig.widgetdemo.MyWidgetIntentReceiver
ADDED from src\main\AndroidManifest.xml:69:9-79:20
	android:label
		ADDED from src\main\AndroidManifest.xml:71:13-45
	android:name
		ADDED from src\main\AndroidManifest.xml:70:13-51
intent-filter#com.javatechig.intent.action.UPDATE_WIDGET
ADDED from src\main\AndroidManifest.xml:72:13-74:29
action#com.javatechig.intent.action.UPDATE_WIDGET
ADDED from src\main\AndroidManifest.xml:73:17-85
	android:name
		ADDED from src\main\AndroidManifest.xml:73:25-82